  include_juce_audio_basics.cpp
C:\Users\marco\Documents\SimpleEQ\SimpleEQ\jucelibrarycode\include_juce_audio_basics.cpp(8,10): fatal error C1083: Cannot open include file: 'juce_audio_basics/juce_audio_basics.cpp': No such file or directory
  include_juce_audio_devices.cpp
C:\Users\marco\Documents\SimpleEQ\SimpleEQ\jucelibrarycode\include_juce_audio_devices.cpp(8,10): fatal error C1083: Cannot open include file: 'juce_audio_devices/juce_audio_devices.cpp': No such file or directory
  include_juce_audio_formats.cpp
C:\Users\marco\Documents\SimpleEQ\SimpleEQ\jucelibrarycode\include_juce_audio_formats.cpp(8,10): fatal error C1083: Cannot open include file: 'juce_audio_formats/juce_audio_formats.cpp': No such file or directory
  include_juce_audio_plugin_client_AAX.cpp
C:\Users\marco\Documents\SimpleEQ\SimpleEQ\jucelibrarycode\include_juce_audio_plugin_client_AAX.cpp(8,10): fatal error C1083: Cannot open include file: 'juce_audio_plugin_client/juce_audio_plugin_client_AAX.cpp': No such file or directory
  include_juce_audio_plugin_client_RTAS_1.cpp
C:\Users\marco\Documents\SimpleEQ\SimpleEQ\jucelibrarycode\include_juce_audio_plugin_client_RTAS_1.cpp(8,10): fatal error C1083: Cannot open include file: 'juce_audio_plugin_client/juce_audio_plugin_client_RTAS_1.cpp': No such file or directory
  include_juce_audio_plugin_client_RTAS_2.cpp
C:\Users\marco\Documents\SimpleEQ\SimpleEQ\jucelibrarycode\include_juce_audio_plugin_client_RTAS_2.cpp(8,10): fatal error C1083: Cannot open include file: 'juce_audio_plugin_client/juce_audio_plugin_client_RTAS_2.cpp': No such file or directory
  include_juce_audio_plugin_client_RTAS_3.cpp
C:\Users\marco\Documents\SimpleEQ\SimpleEQ\jucelibrarycode\include_juce_audio_plugin_client_RTAS_3.cpp(8,10): fatal error C1083: Cannot open include file: 'juce_audio_plugin_client/juce_audio_plugin_client_RTAS_3.cpp': No such file or directory
  include_juce_audio_plugin_client_RTAS_4.cpp
C:\Users\marco\Documents\SimpleEQ\SimpleEQ\jucelibrarycode\include_juce_audio_plugin_client_RTAS_4.cpp(8,10): fatal error C1083: Cannot open include file: 'juce_audio_plugin_client/juce_audio_plugin_client_RTAS_4.cpp': No such file or directory
  include_juce_audio_plugin_client_RTAS_utils.cpp
C:\Users\marco\Documents\SimpleEQ\SimpleEQ\jucelibrarycode\include_juce_audio_plugin_client_RTAS_utils.cpp(8,10): fatal error C1083: Cannot open include file: 'juce_audio_plugin_client/juce_audio_plugin_client_RTAS_utils.cpp': No such file or directory
  include_juce_audio_plugin_client_Standalone.cpp
C:\Users\marco\Documents\SimpleEQ\SimpleEQ\jucelibrarycode\include_juce_audio_plugin_client_Standalone.cpp(8,10): fatal error C1083: Cannot open include file: 'juce_audio_plugin_client/juce_audio_plugin_client_Standalone.cpp': No such file or directory
  include_juce_audio_plugin_client_Unity.cpp
C:\Users\marco\Documents\SimpleEQ\SimpleEQ\jucelibrarycode\include_juce_audio_plugin_client_Unity.cpp(8,10): fatal error C1083: Cannot open include file: 'juce_audio_plugin_client/juce_audio_plugin_client_Unity.cpp': No such file or directory
  include_juce_audio_plugin_client_utils.cpp
C:\Users\marco\Documents\SimpleEQ\SimpleEQ\jucelibrarycode\include_juce_audio_plugin_client_utils.cpp(8,10): fatal error C1083: Cannot open include file: 'juce_audio_plugin_client/juce_audio_plugin_client_utils.cpp': No such file or directory
  include_juce_audio_plugin_client_VST2.cpp
C:\Users\marco\Documents\SimpleEQ\SimpleEQ\jucelibrarycode\include_juce_audio_plugin_client_VST2.cpp(8,10): fatal error C1083: Cannot open include file: 'juce_audio_plugin_client/juce_audio_plugin_client_VST2.cpp': No such file or directory
  include_juce_audio_plugin_client_VST3.cpp
C:\Users\marco\Documents\SimpleEQ\SimpleEQ\jucelibrarycode\include_juce_audio_plugin_client_VST3.cpp(8,10): fatal error C1083: Cannot open include file: 'juce_audio_plugin_client/juce_audio_plugin_client_VST3.cpp': No such file or directory
  include_juce_audio_processors.cpp
C:\Users\marco\Documents\SimpleEQ\SimpleEQ\jucelibrarycode\include_juce_audio_processors.cpp(8,10): fatal error C1083: Cannot open include file: 'juce_audio_processors/juce_audio_processors.cpp': No such file or directory
  include_juce_audio_utils.cpp
C:\Users\marco\Documents\SimpleEQ\SimpleEQ\jucelibrarycode\include_juce_audio_utils.cpp(8,10): fatal error C1083: Cannot open include file: 'juce_audio_utils/juce_audio_utils.cpp': No such file or directory
  include_juce_core.cpp
C:\Users\marco\Documents\SimpleEQ\SimpleEQ\jucelibrarycode\include_juce_core.cpp(8,10): fatal error C1083: Cannot open include file: 'juce_core/juce_core.cpp': No such file or directory
  include_juce_data_structures.cpp
C:\Users\marco\Documents\SimpleEQ\SimpleEQ\jucelibrarycode\include_juce_data_structures.cpp(8,10): fatal error C1083: Cannot open include file: 'juce_data_structures/juce_data_structures.cpp': No such file or directory
  include_juce_events.cpp
C:\Users\marco\Documents\SimpleEQ\SimpleEQ\jucelibrarycode\include_juce_events.cpp(8,10): fatal error C1083: Cannot open include file: 'juce_events/juce_events.cpp': No such file or directory
  include_juce_graphics.cpp
C:\Users\marco\Documents\SimpleEQ\SimpleEQ\jucelibrarycode\include_juce_graphics.cpp(8,10): fatal error C1083: Cannot open include file: 'juce_graphics/juce_graphics.cpp': No such file or directory
  Generating Code...
  Compiling...
  include_juce_gui_basics.cpp
C:\Users\marco\Documents\SimpleEQ\SimpleEQ\jucelibrarycode\include_juce_gui_basics.cpp(8,10): fatal error C1083: Cannot open include file: 'juce_gui_basics/juce_gui_basics.cpp': No such file or directory
  include_juce_gui_extra.cpp
C:\Users\marco\Documents\SimpleEQ\SimpleEQ\jucelibrarycode\include_juce_gui_extra.cpp(8,10): fatal error C1083: Cannot open include file: 'juce_gui_extra/juce_gui_extra.cpp': No such file or directory
  PluginEditor.cpp
C:\Users\marco\Documents\SimpleEQ\SimpleEQ\JuceLibraryCode\JuceHeader.h(16,10): fatal error C1083: Cannot open include file: 'juce_audio_basics/juce_audio_basics.h': No such file or directory
  PluginProcessor.cpp
C:\Users\marco\Documents\SimpleEQ\SimpleEQ\JuceLibraryCode\JuceHeader.h(16,10): fatal error C1083: Cannot open include file: 'juce_audio_basics/juce_audio_basics.h': No such file or directory
  Generating Code...
